Using pre-set license
Built from '2020.3/staging' branch; Version is '2020.3.8f1 (507919d4fff5) revision 5273881'; Using compiler version '192528614'; Build Type 'Release'
OS: 'Windows 10 Home Single Language; OS build 19043.1052; Version 2009; 64bit' Language: 'en' Physical Memory: 14213 MB
BatchMode: 1, IsHumanControllingUs: 0, StartBugReporterOnCrash: 0, Is64bit: 1, IsPro: 0

 COMMAND LINE ARGUMENTS:
C:\Program Files\Unity\Hub\Editor\2020.3.8f1\Editor\Unity.exe
-adb2
-batchMode
-noUpm
-name
AssetImportWorker0
-projectPath
E:/Github/GMTK-GameJam/GMTK Gamejam
-logFile
Logs/AssetImportWorker0.log
-srvPort
49406
Successfully changed project path to: E:/Github/GMTK-GameJam/GMTK Gamejam
E:/Github/GMTK-GameJam/GMTK Gamejam
Using Asset Import Pipeline V2.
Refreshing native plugins compatible for Editor in 84.94 ms, found 0 plugins.
Preloading 0 native plugins for Editor in 0.00 ms.
Initialize engine version: 2020.3.8f1 (507919d4fff5)
[Subsystems] Discovering subsystems at path C:/Program Files/Unity/Hub/Editor/2020.3.8f1/Editor/Data/Resources/UnitySubsystems
[Subsystems] Discovering subsystems at path E:/Github/GMTK-GameJam/GMTK Gamejam/Assets
GfxDevice: creating device client; threaded=0
Direct3D:
    Version:  Direct3D 11.0 [level 11.1]
    Renderer: NVIDIA GeForce GTX 1650 (ID=0x1f91)
    Vendor:   
    VRAM:     3962 MB
    Driver:   27.21.14.6230
Initialize mono
Mono path[0] = 'C:/Program Files/Unity/Hub/Editor/2020.3.8f1/Editor/Data/Managed'
Mono path[1] = 'C:/Program Files/Unity/Hub/Editor/2020.3.8f1/Editor/Data/MonoBleedingEdge/lib/mono/unityjit'
Mono config path = 'C:/Program Files/Unity/Hub/Editor/2020.3.8f1/Editor/Data/MonoBleedingEdge/etc'
Using monoOptions --debugger-agent=transport=dt_socket,embedding=1,server=y,suspend=n,address=127.0.0.1:56396
Begin MonoManager ReloadAssembly
Registering precompiled unity dll's ...
Register platform support module: C:/Program Files/Unity/Hub/Editor/2020.3.8f1/Editor/Data/PlaybackEngines/WindowsStandaloneSupport/UnityEditor.WindowsStandalone.Extensions.dll
Registered in 0.007359 seconds.
Native extension for WindowsStandalone target not found
Refreshing native plugins compatible for Editor in 61.35 ms, found 0 plugins.
Preloading 0 native plugins for Editor in 0.00 ms.
Mono: successfully reloaded assembly
- Completed reload, in  3.621 seconds
Platform modules already initialized, skipping
Registering precompiled user dll's ...
Registered in 0.001468 seconds.
Begin MonoManager ReloadAssembly
Native extension for WindowsStandalone target not found
Refreshing native plugins compatible for Editor in 0.70 ms, found 0 plugins.
Preloading 0 native plugins for Editor in 0.00 ms.
Mono: successfully reloaded assembly
- Completed reload, in  2.659 seconds
Platform modules already initialized, skipping
========================================================================
Worker process is ready to serve import requests
Launched and connected shader compiler UnityShaderCompiler.exe after 0.17 seconds
Refreshing native plugins compatible for Editor in 0.46 ms, found 0 plugins.
Preloading 0 native plugins for Editor in 0.00 ms.
Unloading 1116 Unused Serialized files (Serialized files now loaded: 0)
System memory in use before: 57.2 MB.
System memory in use after: 57.2 MB.

Unloading 10 unused Assets to reduce memory usage. Loaded Objects now: 1558.
Total: 4.841000 ms (FindLiveObjects: 0.316500 ms CreateObjectMapping: 0.068300 ms MarkObjects: 4.155200 ms  DeleteObjects: 0.296900 ms)

========================================================================
Received Import Request.
  path: Assets/Prefabs
  artifactKey: Guid(43ca3990925086f44b662c8f66502e17) Importer(815301076,1909f56bfc062723c751e8b465ee728b)
Start importing Assets/Prefabs using Guid(43ca3990925086f44b662c8f66502e17) Importer(815301076,1909f56bfc062723c751e8b465ee728b)  -> (artifact id: '358880b054decedf479327c1e5e644dc') in 0.029865 seconds
  Import took 0.035374 seconds .

========================================================================
Received Import Request.
  Time since last request: 38.633337 seconds.
  path: Assets/Hovl Studio/Procedural fire/Materials/FireSphere1.mat
  artifactKey: Guid(14fab0de6c54324468738e7b38a88207) Importer(815301076,1909f56bfc062723c751e8b465ee728b)
Start importing Assets/Hovl Studio/Procedural fire/Materials/FireSphere1.mat using Guid(14fab0de6c54324468738e7b38a88207) Importer(815301076,1909f56bfc062723c751e8b465ee728b)  -> (artifact id: '4c1d95e5c047cbadf363268d37176f03') in 1.122360 seconds
  Import took 1.152862 seconds .

========================================================================
Received Import Request.
  Time since last request: 0.001021 seconds.
  path: Assets/Hovl Studio/Procedural fire/Materials/Smoke26.mat
  artifactKey: Guid(1fd724d226066ad4cbc105d4ad53a444) Importer(815301076,1909f56bfc062723c751e8b465ee728b)
Start importing Assets/Hovl Studio/Procedural fire/Materials/Smoke26.mat using Guid(1fd724d226066ad4cbc105d4ad53a444) Importer(815301076,1909f56bfc062723c751e8b465ee728b)  -> (artifact id: '419f7f8155dfe49c4e94ed69115e4186') in 0.197058 seconds
  Import took 0.207053 seconds .

========================================================================
Received Import Request.
  Time since last request: 0.000644 seconds.
  path: Assets/Hovl Studio/Procedural fire/Materials/FireSphere2.mat
  artifactKey: Guid(2e69c8c236ea65447a07e24d8cbed40b) Importer(815301076,1909f56bfc062723c751e8b465ee728b)
Start importing Assets/Hovl Studio/Procedural fire/Materials/FireSphere2.mat using Guid(2e69c8c236ea65447a07e24d8cbed40b) Importer(815301076,1909f56bfc062723c751e8b465ee728b)  -> (artifact id: '27d3f9b7db25e308ffbd9f8cb7e55d43') in 0.077292 seconds
  Import took 0.084893 seconds .

========================================================================
Received Import Request.
  Time since last request: 0.001396 seconds.
  path: Assets/Hovl Studio/Procedural fire/Materials/SparkSphere.mat
  artifactKey: Guid(20e729147a4dad247abfc2305c3dd963) Importer(815301076,1909f56bfc062723c751e8b465ee728b)
Start importing Assets/Hovl Studio/Procedural fire/Materials/SparkSphere.mat using Guid(20e729147a4dad247abfc2305c3dd963) Importer(815301076,1909f56bfc062723c751e8b465ee728b)  -> (artifact id: '55f30047350203f230ed95f133e9650f') in 0.062421 seconds
  Import took 0.080092 seconds .

========================================================================
Received Import Request.
  Time since last request: 0.000558 seconds.
  path: Assets/Hovl Studio/Procedural fire/Materials
  artifactKey: Guid(c109c1384274de146a494be626c64b64) Importer(815301076,1909f56bfc062723c751e8b465ee728b)
Start importing Assets/Hovl Studio/Procedural fire/Materials using Guid(c109c1384274de146a494be626c64b64) Importer(815301076,1909f56bfc062723c751e8b465ee728b)  -> (artifact id: 'e26c33d0bc809cc29944050f33049328') in 0.022648 seconds
  Import took 0.028750 seconds .

========================================================================
Received Import Request.
  Time since last request: 0.000495 seconds.
  path: Assets/Hovl Studio/Procedural fire/Materials/Trail67.mat
  artifactKey: Guid(3632881d102df0f47864d899fa15a49d) Importer(815301076,1909f56bfc062723c751e8b465ee728b)
Start importing Assets/Hovl Studio/Procedural fire/Materials/Trail67.mat using Guid(3632881d102df0f47864d899fa15a49d) Importer(815301076,1909f56bfc062723c751e8b465ee728b)  -> (artifact id: 'ed6930da90701e644343c6c5b2dabf89') in 0.043786 seconds
  Import took 0.049639 seconds .

========================================================================
Received Import Request.
  Time since last request: 12.192004 seconds.
  path: Assets/Hovl Studio/Procedural fire/Prefabs/Explosion.prefab
  artifactKey: Guid(67a684e320da6e7439421a07e3fa265c) Importer(815301076,1909f56bfc062723c751e8b465ee728b)
Start importing Assets/Hovl Studio/Procedural fire/Prefabs/Explosion.prefab using Guid(67a684e320da6e7439421a07e3fa265c) Importer(815301076,1909f56bfc062723c751e8b465ee728b)  -> (artifact id: '7884dc7a3770ee55d7d7c96e473e8a8d') in 0.063273 seconds
  Import took 0.094275 seconds .

========================================================================
Received Import Request.
  Time since last request: 0.000520 seconds.
  path: Assets/Hovl Studio/Procedural fire/Prefabs/Magic fire 3.prefab
  artifactKey: Guid(78e8b38d431ddef4fa2994a3f2d6e2ff) Importer(815301076,1909f56bfc062723c751e8b465ee728b)
Start importing Assets/Hovl Studio/Procedural fire/Prefabs/Magic fire 3.prefab using Guid(78e8b38d431ddef4fa2994a3f2d6e2ff) Importer(815301076,1909f56bfc062723c751e8b465ee728b)  -> (artifact id: '9381899ff967f96a230f5e436414c925') in 0.027248 seconds
  Import took 0.033970 seconds .

========================================================================
Received Import Request.
  Time since last request: 0.000534 seconds.
  path: Assets/Hovl Studio/Procedural fire/Prefabs/Magic fire pro orange.prefab
  artifactKey: Guid(e55149ba6f4d00741984987e258c3378) Importer(815301076,1909f56bfc062723c751e8b465ee728b)
Start importing Assets/Hovl Studio/Procedural fire/Prefabs/Magic fire pro orange.prefab using Guid(e55149ba6f4d00741984987e258c3378) Importer(815301076,1909f56bfc062723c751e8b465ee728b)  -> (artifact id: '5a818232c43cd9aeca9c9dfb71946899') in 0.026716 seconds
  Import took 0.035114 seconds .

========================================================================
Received Import Request.
  Time since last request: 0.000557 seconds.
  path: Assets/Hovl Studio/Procedural fire/Prefabs/Magic fire pro yellow.prefab
  artifactKey: Guid(52d340ed9c2714c4f8aabf1f82df1b58) Importer(815301076,1909f56bfc062723c751e8b465ee728b)
Start importing Assets/Hovl Studio/Procedural fire/Prefabs/Magic fire pro yellow.prefab using Guid(52d340ed9c2714c4f8aabf1f82df1b58) Importer(815301076,1909f56bfc062723c751e8b465ee728b)  -> (artifact id: '700e0df734ecc43eb530004a14c382f2') in 0.026905 seconds
  Import took 0.032213 seconds .

========================================================================
Received Import Request.
  Time since last request: 0.000419 seconds.
  path: Assets/Hovl Studio/Procedural fire/Prefabs/Magic fire pro blue.prefab
  artifactKey: Guid(c590b17884b119046bc6412066500b7d) Importer(815301076,1909f56bfc062723c751e8b465ee728b)
Start importing Assets/Hovl Studio/Procedural fire/Prefabs/Magic fire pro blue.prefab using Guid(c590b17884b119046bc6412066500b7d) Importer(815301076,1909f56bfc062723c751e8b465ee728b)  -> (artifact id: 'a568a9f6afbfce10f4d3742580397b7e') in 0.020154 seconds
  Import took 0.025023 seconds .

========================================================================
Received Import Request.
  Time since last request: 0.000438 seconds.
  path: Assets/Hovl Studio/Procedural fire/Prefabs/RotatorPS2.prefab
  artifactKey: Guid(26255240385821a4185c7163c7a7aec6) Importer(815301076,1909f56bfc062723c751e8b465ee728b)
Start importing Assets/Hovl Studio/Procedural fire/Prefabs/RotatorPS2.prefab using Guid(26255240385821a4185c7163c7a7aec6) Importer(815301076,1909f56bfc062723c751e8b465ee728b)  -> (artifact id: 'b064b6d5760c356c27fbd875467c1547') in 0.031488 seconds
  Import took 0.039954 seconds .

========================================================================
Received Import Request.
  Time since last request: 0.000465 seconds.
  path: Assets/Hovl Studio/Procedural fire/Prefabs/Magic fire 0.prefab
  artifactKey: Guid(08fd1b80cc24cc8439f45fda3c558255) Importer(815301076,1909f56bfc062723c751e8b465ee728b)
Start importing Assets/Hovl Studio/Procedural fire/Prefabs/Magic fire 0.prefab using Guid(08fd1b80cc24cc8439f45fda3c558255) Importer(815301076,1909f56bfc062723c751e8b465ee728b)  -> (artifact id: '10461d2a15585671d164133604c27dfb') in 0.021687 seconds
  Import took 0.026957 seconds .

========================================================================
Received Import Request.
  Time since last request: 0.000431 seconds.
  path: Assets/Hovl Studio/Procedural fire/Prefabs/Magic fire pro green.prefab
  artifactKey: Guid(3d35e81bdc5955041be098ef22e82a3b) Importer(815301076,1909f56bfc062723c751e8b465ee728b)
Start importing Assets/Hovl Studio/Procedural fire/Prefabs/Magic fire pro green.prefab using Guid(3d35e81bdc5955041be098ef22e82a3b) Importer(815301076,1909f56bfc062723c751e8b465ee728b)  -> (artifact id: '75b43725ea89ef05206532185400edda') in 0.024895 seconds
  Import took 0.029921 seconds .

========================================================================
Received Import Request.
  Time since last request: 0.000513 seconds.
  path: Assets/Hovl Studio/Procedural fire/Prefabs/Magic fire pro red.prefab
  artifactKey: Guid(eca000ab44c908d4dab395f654753038) Importer(815301076,1909f56bfc062723c751e8b465ee728b)
Start importing Assets/Hovl Studio/Procedural fire/Prefabs/Magic fire pro red.prefab using Guid(eca000ab44c908d4dab395f654753038) Importer(815301076,1909f56bfc062723c751e8b465ee728b)  -> (artifact id: '92ee42fabb9b76035c81ec3ef2849e12') in 0.021416 seconds
  Import took 0.026580 seconds .

========================================================================
Received Import Request.
  Time since last request: 0.000920 seconds.
  path: Assets/Hovl Studio/Procedural fire/Prefabs/Magic fire 2.prefab
  artifactKey: Guid(529eb4216865eba419c1a4a68d0b0388) Importer(815301076,1909f56bfc062723c751e8b465ee728b)
Start importing Assets/Hovl Studio/Procedural fire/Prefabs/Magic fire 2.prefab using Guid(529eb4216865eba419c1a4a68d0b0388) Importer(815301076,1909f56bfc062723c751e8b465ee728b)  -> (artifact id: 'c33f316f1046ca2935e460f3bac8b8f9') in 0.021038 seconds
  Import took 0.025965 seconds .

========================================================================
Received Import Request.
  Time since last request: 0.000454 seconds.
  path: Assets/Hovl Studio/Procedural fire/Prefabs/RotatorPS1.prefab
  artifactKey: Guid(1381b64ff1936ac4e80c3a00687081f3) Importer(815301076,1909f56bfc062723c751e8b465ee728b)
Start importing Assets/Hovl Studio/Procedural fire/Prefabs/RotatorPS1.prefab using Guid(1381b64ff1936ac4e80c3a00687081f3) Importer(815301076,1909f56bfc062723c751e8b465ee728b)  -> (artifact id: '78c6d8a1ee09a72f1e273778b9cd8d91') in 0.021329 seconds
  Import took 0.026275 seconds .

========================================================================
Received Import Request.
  Time since last request: 0.000473 seconds.
  path: Assets/Hovl Studio/Procedural fire/Prefabs/Magic fire 1.prefab
  artifactKey: Guid(25093a0593dc83043a7bc17ebba0e95d) Importer(815301076,1909f56bfc062723c751e8b465ee728b)
Start importing Assets/Hovl Studio/Procedural fire/Prefabs/Magic fire 1.prefab using Guid(25093a0593dc83043a7bc17ebba0e95d) Importer(815301076,1909f56bfc062723c751e8b465ee728b)  -> (artifact id: '594defc8b1152ff755dd3ae1786a6af3') in 0.020809 seconds
  Import took 0.025920 seconds .

========================================================================
Received Prepare
Registering precompiled user dll's ...
Registered in 0.001285 seconds.
Begin MonoManager ReloadAssembly
Native extension for WindowsStandalone target not found
Refreshing native plugins compatible for Editor in 0.50 ms, found 0 plugins.
Preloading 0 native plugins for Editor in 0.00 ms.
Mono: successfully reloaded assembly
- Completed reload, in  2.241 seconds
Platform modules already initialized, skipping
Refreshing native plugins compatible for Editor in 1.12 ms, found 0 plugins.
Preloading 0 native plugins for Editor in 0.00 ms.
Unloading 1112 Unused Serialized files (Serialized files now loaded: 0)
System memory in use before: 60.7 MB.
System memory in use after: 60.8 MB.

Unloading 5 unused Assets to reduce memory usage. Loaded Objects now: 1603.
Total: 4.517800 ms (FindLiveObjects: 0.332700 ms CreateObjectMapping: 0.068600 ms MarkObjects: 3.980900 ms  DeleteObjects: 0.131600 ms)

========================================================================
Received Import Request.
  Time since last request: 495.909258 seconds.
  path: Assets/Materials/Blue material.mat
  artifactKey: Guid(d6af2ca585467cd4295c13ad1bc4e144) Importer(815301076,1909f56bfc062723c751e8b465ee728b)
Start importing Assets/Materials/Blue material.mat using Guid(d6af2ca585467cd4295c13ad1bc4e144) Importer(815301076,1909f56bfc062723c751e8b465ee728b)  -> (artifact id: '7e5ef57f398cc444811a0df129c79bec') in 0.201049 seconds
  Import took 0.206810 seconds .

========================================================================
Received Import Request.
  Time since last request: 0.000693 seconds.
  path: Assets/Materials/Purple Material.mat
  artifactKey: Guid(d76736ec73021e64fa083c50b5355493) Importer(815301076,1909f56bfc062723c751e8b465ee728b)
Start importing Assets/Materials/Purple Material.mat using Guid(d76736ec73021e64fa083c50b5355493) Importer(815301076,1909f56bfc062723c751e8b465ee728b)  -> (artifact id: '12d3bfb93ae2c9a2db0f4afc47fdc94e') in 0.039606 seconds
  Import took 0.045300 seconds .

========================================================================
Received Import Request.
  Time since last request: 0.000473 seconds.
  path: Assets/Materials/Red Material.mat
  artifactKey: Guid(14f8fc9e13e00554fa299ce197c90579) Importer(815301076,1909f56bfc062723c751e8b465ee728b)
Start importing Assets/Materials/Red Material.mat using Guid(14f8fc9e13e00554fa299ce197c90579) Importer(815301076,1909f56bfc062723c751e8b465ee728b)  -> (artifact id: '5a2532801aaef6cfcfbb9019d810c978') in 0.051612 seconds
  Import took 0.056862 seconds .

========================================================================
Received Import Request.
  Time since last request: 0.000461 seconds.
  path: Assets/Materials/Green Material.mat
  artifactKey: Guid(4fe92d2b91e3e6e489a59fb51c776187) Importer(815301076,1909f56bfc062723c751e8b465ee728b)
Start importing Assets/Materials/Green Material.mat using Guid(4fe92d2b91e3e6e489a59fb51c776187) Importer(815301076,1909f56bfc062723c751e8b465ee728b)  -> (artifact id: '1ebc784bee15d962b66d366c6eef6832') in 0.033880 seconds
  Import took 0.038780 seconds .

========================================================================
Received Import Request.
  Time since last request: 0.000489 seconds.
  path: Assets/Materials/Grey Material.mat
  artifactKey: Guid(2f795ed3cd9bba944bf9e8f02be91c4e) Importer(815301076,1909f56bfc062723c751e8b465ee728b)
Start importing Assets/Materials/Grey Material.mat using Guid(2f795ed3cd9bba944bf9e8f02be91c4e) Importer(815301076,1909f56bfc062723c751e8b465ee728b)  -> (artifact id: '51b9c127b6c1d598a276d7c0ed238755') in 0.036906 seconds
  Import took 0.043565 seconds .

========================================================================
Received Import Request.
  Time since last request: 0.000475 seconds.
  path: Assets/Materials/Cyan Material.mat
  artifactKey: Guid(5d041c377f862394abf9212b1235cd14) Importer(815301076,1909f56bfc062723c751e8b465ee728b)
Start importing Assets/Materials/Cyan Material.mat using Guid(5d041c377f862394abf9212b1235cd14) Importer(815301076,1909f56bfc062723c751e8b465ee728b)  -> (artifact id: '28cc5550d9a741e892300da4afc0ecc1') in 0.033387 seconds
  Import took 0.038255 seconds .

========================================================================
Received Import Request.
  Time since last request: 0.000489 seconds.
  path: Assets/Materials/Yellow Material.mat
  artifactKey: Guid(54210b9a826ae8e4c885e6251053ccba) Importer(815301076,1909f56bfc062723c751e8b465ee728b)
Start importing Assets/Materials/Yellow Material.mat using Guid(54210b9a826ae8e4c885e6251053ccba) Importer(815301076,1909f56bfc062723c751e8b465ee728b)  -> (artifact id: '34585f3ef933d2198d2e6ec12e278cd0') in 0.032852 seconds
  Import took 0.038254 seconds .

========================================================================
Received Import Request.
  Time since last request: 24.255059 seconds.
  path: Assets/Prefabs/Magic fire 1.prefab
  artifactKey: Guid(25093a0593dc83043a7bc17ebba0e95d) Importer(815301076,1909f56bfc062723c751e8b465ee728b)
Start importing Assets/Prefabs/Magic fire 1.prefab using Guid(25093a0593dc83043a7bc17ebba0e95d) Importer(815301076,1909f56bfc062723c751e8b465ee728b)  -> (artifact id: 'ba18c63104fd535f58e5a0898becfffa') in 0.053064 seconds
  Import took 0.059658 seconds .

========================================================================
Received Import Request.
  Time since last request: 0.850357 seconds.
  path: Assets/Prefabs/Magic fire 1.prefab
  artifactKey: Guid(25093a0593dc83043a7bc17ebba0e95d) Importer(815301076,1909f56bfc062723c751e8b465ee728b)
Start importing Assets/Prefabs/Magic fire 1.prefab using Guid(25093a0593dc83043a7bc17ebba0e95d) Importer(815301076,1909f56bfc062723c751e8b465ee728b)  -> (artifact id: '70e80eb03b5583907f6b416093d68915') in 0.011615 seconds
  Import took 0.018365 seconds .

========================================================================
Received Prepare
Registering precompiled user dll's ...
Registered in 0.001512 seconds.
Begin MonoManager ReloadAssembly
Native extension for WindowsStandalone target not found
Refreshing native plugins compatible for Editor in 0.52 ms, found 0 plugins.
Preloading 0 native plugins for Editor in 0.00 ms.
Mono: successfully reloaded assembly
- Completed reload, in  2.328 seconds
Platform modules already initialized, skipping
Refreshing native plugins compatible for Editor in 0.58 ms, found 0 plugins.
Preloading 0 native plugins for Editor in 0.00 ms.
Unloading 1111 Unused Serialized files (Serialized files now loaded: 0)
System memory in use before: 60.7 MB.
System memory in use after: 60.7 MB.

Unloading 5 unused Assets to reduce memory usage. Loaded Objects now: 1607.
Total: 3.837600 ms (FindLiveObjects: 0.342100 ms CreateObjectMapping: 0.049300 ms MarkObjects: 3.299200 ms  DeleteObjects: 0.143600 ms)

========================================================================
Received Import Request.
  Time since last request: 353.988349 seconds.
  path: Assets/Hovl Studio/Procedural fire/Prefabs
  artifactKey: Guid(6a69c24f54926f14cbc357dd8ae715a2) Importer(815301076,1909f56bfc062723c751e8b465ee728b)
Start importing Assets/Hovl Studio/Procedural fire/Prefabs using Guid(6a69c24f54926f14cbc357dd8ae715a2) Importer(815301076,1909f56bfc062723c751e8b465ee728b)  -> (artifact id: 'd8aa4d7cc08503d1aa6419039e8b3f4e') in 0.011506 seconds
  Import took 0.016325 seconds .

========================================================================
Received Import Request.
  Time since last request: 160.401565 seconds.
  path: Assets/Prefabs/Magic fire pro red.prefab
  artifactKey: Guid(eca000ab44c908d4dab395f654753038) Importer(815301076,1909f56bfc062723c751e8b465ee728b)
Start importing Assets/Prefabs/Magic fire pro red.prefab using Guid(eca000ab44c908d4dab395f654753038) Importer(815301076,1909f56bfc062723c751e8b465ee728b)  -> (artifact id: '315595a37d69dae1dd5ad2ea3e8ccc16') in 0.086992 seconds
  Import took 0.093109 seconds .

========================================================================
Received Import Request.
  Time since last request: 35.062112 seconds.
  path: Assets/Prefabs/Magic fire 0 (1).prefab
  artifactKey: Guid(ddaf7c126c5cc5746853bc2c6e5f8e55) Importer(815301076,1909f56bfc062723c751e8b465ee728b)
Start importing Assets/Prefabs/Magic fire 0 (1).prefab using Guid(ddaf7c126c5cc5746853bc2c6e5f8e55) Importer(815301076,1909f56bfc062723c751e8b465ee728b)  -> (artifact id: 'e39959ef9039653995a8cdd5ede901ab') in 0.045387 seconds
  Import took 0.052282 seconds .

========================================================================
Received Import Request.
  Time since last request: 0.014454 seconds.
  path: Assets/Prefabs/Magic fire 0 (1).prefab
  artifactKey: Guid(ddaf7c126c5cc5746853bc2c6e5f8e55) Importer(815301076,1909f56bfc062723c751e8b465ee728b)
Start importing Assets/Prefabs/Magic fire 0 (1).prefab using Guid(ddaf7c126c5cc5746853bc2c6e5f8e55) Importer(815301076,1909f56bfc062723c751e8b465ee728b)  -> (artifact id: 'e39959ef9039653995a8cdd5ede901ab') in 0.009743 seconds
  Import took 0.014535 seconds .

========================================================================
Received Import Request.
  Time since last request: 23.762773 seconds.
  path: Assets/Prefabs/Magic fire 0 (1).prefab
  artifactKey: Guid(ddaf7c126c5cc5746853bc2c6e5f8e55) Importer(815301076,1909f56bfc062723c751e8b465ee728b)
Start importing Assets/Prefabs/Magic fire 0 (1).prefab using Guid(ddaf7c126c5cc5746853bc2c6e5f8e55) Importer(815301076,1909f56bfc062723c751e8b465ee728b)  -> (artifact id: '053d5d37f35f9038d36c87cf3030b080') in 0.010776 seconds
  Import took 0.016304 seconds .

========================================================================
Received Import Request.
  Time since last request: 0.005443 seconds.
  path: Assets/Prefabs/Magic fire 0 (1).prefab
  artifactKey: Guid(ddaf7c126c5cc5746853bc2c6e5f8e55) Importer(815301076,1909f56bfc062723c751e8b465ee728b)
Start importing Assets/Prefabs/Magic fire 0 (1).prefab using Guid(ddaf7c126c5cc5746853bc2c6e5f8e55) Importer(815301076,1909f56bfc062723c751e8b465ee728b)  -> (artifact id: '053d5d37f35f9038d36c87cf3030b080') in 0.013345 seconds
  Import took 0.021076 seconds .

========================================================================
Received Import Request.
  Time since last request: 2.337952 seconds.
  path: Assets/Prefabs/Magic fire 1.prefab
  artifactKey: Guid(25093a0593dc83043a7bc17ebba0e95d) Importer(815301076,1909f56bfc062723c751e8b465ee728b)
Start importing Assets/Prefabs/Magic fire 1.prefab using Guid(25093a0593dc83043a7bc17ebba0e95d) Importer(815301076,1909f56bfc062723c751e8b465ee728b)  -> (artifact id: '84355651393938cf2a15b7cb4d718d63') in 0.013178 seconds
  Import took 0.020261 seconds .

========================================================================
Received Import Request.
  Time since last request: 0.040923 seconds.
  path: Assets/Prefabs/Magic fire 1.prefab
  artifactKey: Guid(25093a0593dc83043a7bc17ebba0e95d) Importer(815301076,1909f56bfc062723c751e8b465ee728b)
Start importing Assets/Prefabs/Magic fire 1.prefab using Guid(25093a0593dc83043a7bc17ebba0e95d) Importer(815301076,1909f56bfc062723c751e8b465ee728b)  -> (artifact id: '84355651393938cf2a15b7cb4d718d63') in 0.011506 seconds
  Import took 0.017639 seconds .

========================================================================
Received Import Request.
  Time since last request: 2.367762 seconds.
  path: Assets/Prefabs/Magic fire 2.prefab
  artifactKey: Guid(529eb4216865eba419c1a4a68d0b0388) Importer(815301076,1909f56bfc062723c751e8b465ee728b)
Start importing Assets/Prefabs/Magic fire 2.prefab using Guid(529eb4216865eba419c1a4a68d0b0388) Importer(815301076,1909f56bfc062723c751e8b465ee728b)  -> (artifact id: '81c52077d9265256078194846fd50c56') in 0.029377 seconds
  Import took 0.035729 seconds .

========================================================================
Received Import Request.
  Time since last request: 0.028077 seconds.
  path: Assets/Prefabs/Magic fire 2.prefab
  artifactKey: Guid(529eb4216865eba419c1a4a68d0b0388) Importer(815301076,1909f56bfc062723c751e8b465ee728b)
Start importing Assets/Prefabs/Magic fire 2.prefab using Guid(529eb4216865eba419c1a4a68d0b0388) Importer(815301076,1909f56bfc062723c751e8b465ee728b)  -> (artifact id: '81c52077d9265256078194846fd50c56') in 0.010681 seconds
  Import took 0.018204 seconds .

========================================================================
Received Import Request.
  Time since last request: 2.542174 seconds.
  path: Assets/Prefabs/Magic fire pro yellow.prefab
  artifactKey: Guid(52d340ed9c2714c4f8aabf1f82df1b58) Importer(815301076,1909f56bfc062723c751e8b465ee728b)
Start importing Assets/Prefabs/Magic fire pro yellow.prefab using Guid(52d340ed9c2714c4f8aabf1f82df1b58) Importer(815301076,1909f56bfc062723c751e8b465ee728b)  -> (artifact id: '1421cdcb01d6e1954468cf4a87ab66a9') in 0.024404 seconds
  Import took 0.030848 seconds .

========================================================================
Received Import Request.
  Time since last request: 0.041616 seconds.
  path: Assets/Prefabs/Magic fire pro yellow.prefab
  artifactKey: Guid(52d340ed9c2714c4f8aabf1f82df1b58) Importer(815301076,1909f56bfc062723c751e8b465ee728b)
Start importing Assets/Prefabs/Magic fire pro yellow.prefab using Guid(52d340ed9c2714c4f8aabf1f82df1b58) Importer(815301076,1909f56bfc062723c751e8b465ee728b)  -> (artifact id: '1421cdcb01d6e1954468cf4a87ab66a9') in 0.015316 seconds
  Import took 0.023828 seconds .

========================================================================
Received Import Request.
  Time since last request: 2.710026 seconds.
  path: Assets/Prefabs/Magic fire pro red.prefab
  artifactKey: Guid(eca000ab44c908d4dab395f654753038) Importer(815301076,1909f56bfc062723c751e8b465ee728b)
Start importing Assets/Prefabs/Magic fire pro red.prefab using Guid(eca000ab44c908d4dab395f654753038) Importer(815301076,1909f56bfc062723c751e8b465ee728b)  -> (artifact id: '2121652c9c954248511434e26cfa2ad0') in 0.013559 seconds
  Import took 0.021404 seconds .

========================================================================
Received Import Request.
  Time since last request: 0.044623 seconds.
  path: Assets/Prefabs/Magic fire pro red.prefab
  artifactKey: Guid(eca000ab44c908d4dab395f654753038) Importer(815301076,1909f56bfc062723c751e8b465ee728b)
Start importing Assets/Prefabs/Magic fire pro red.prefab using Guid(eca000ab44c908d4dab395f654753038) Importer(815301076,1909f56bfc062723c751e8b465ee728b)  -> (artifact id: '2121652c9c954248511434e26cfa2ad0') in 0.010969 seconds
  Import took 0.016287 seconds .

========================================================================
Received Import Request.
  Time since last request: 68.692312 seconds.
  path: Assets/Hovl Studio/Procedural fire/Prefabs/Magic fire pro green.prefab
  artifactKey: Guid(3d35e81bdc5955041be098ef22e82a3b) Importer(815301076,1909f56bfc062723c751e8b465ee728b)
Start importing Assets/Hovl Studio/Procedural fire/Prefabs/Magic fire pro green.prefab using Guid(3d35e81bdc5955041be098ef22e82a3b) Importer(815301076,1909f56bfc062723c751e8b465ee728b)  -> (artifact id: '77dbc93a676dd4436df3321a4ef8bf04') in 0.013776 seconds
  Import took 0.019528 seconds .

========================================================================
Received Import Request.
  Time since last request: 1.312464 seconds.
  path: Assets/Hovl Studio/Procedural fire/Prefabs/Magic fire pro green.prefab
  artifactKey: Guid(3d35e81bdc5955041be098ef22e82a3b) Importer(815301076,1909f56bfc062723c751e8b465ee728b)
Start importing Assets/Hovl Studio/Procedural fire/Prefabs/Magic fire pro green.prefab using Guid(3d35e81bdc5955041be098ef22e82a3b) Importer(815301076,1909f56bfc062723c751e8b465ee728b)  -> (artifact id: 'cd9673eaeccf781e10f7fbfe9122b323') in 0.013585 seconds
  Import took 0.018638 seconds .

========================================================================
Received Import Request.
  Time since last request: 13.281377 seconds.
  path: Assets/Hovl Studio/Procedural fire/Prefabs/Magic fire pro green.prefab
  artifactKey: Guid(3d35e81bdc5955041be098ef22e82a3b) Importer(815301076,1909f56bfc062723c751e8b465ee728b)
Start importing Assets/Hovl Studio/Procedural fire/Prefabs/Magic fire pro green.prefab using Guid(3d35e81bdc5955041be098ef22e82a3b) Importer(815301076,1909f56bfc062723c751e8b465ee728b)  -> (artifact id: 'b05c30bdf0c784cd5fd2b8ef677043f9') in 0.013104 seconds
  Import took 0.019224 seconds .

========================================================================
Received Import Request.
  Time since last request: 4.464200 seconds.
  path: Assets/Hovl Studio/Procedural fire/Prefabs/Magic fire pro green.prefab
  artifactKey: Guid(3d35e81bdc5955041be098ef22e82a3b) Importer(815301076,1909f56bfc062723c751e8b465ee728b)
Start importing Assets/Hovl Studio/Procedural fire/Prefabs/Magic fire pro green.prefab using Guid(3d35e81bdc5955041be098ef22e82a3b) Importer(815301076,1909f56bfc062723c751e8b465ee728b)  -> (artifact id: '6ac84ea82a236410a81ddf85b49409b0') in 0.012706 seconds
  Import took 0.018575 seconds .

========================================================================
Received Import Request.
  Time since last request: 25.277639 seconds.
  path: Assets/Hovl Studio/Procedural fire/Prefabs/Magic fire pro green.prefab
  artifactKey: Guid(3d35e81bdc5955041be098ef22e82a3b) Importer(815301076,1909f56bfc062723c751e8b465ee728b)
Start importing Assets/Hovl Studio/Procedural fire/Prefabs/Magic fire pro green.prefab using Guid(3d35e81bdc5955041be098ef22e82a3b) Importer(815301076,1909f56bfc062723c751e8b465ee728b)  -> (artifact id: 'f63d8679c09be9ba752701a7db70eeb2') in 0.013115 seconds
  Import took 0.020082 seconds .

========================================================================
Received Import Request.
  Time since last request: 21.422306 seconds.
  path: Assets/Hovl Studio/Procedural fire/Prefabs/Magic fire pro green 1.prefab
  artifactKey: Guid(f5a9dd86032fe4b4a8b6a3d8936204a1) Importer(815301076,1909f56bfc062723c751e8b465ee728b)
Start importing Assets/Hovl Studio/Procedural fire/Prefabs/Magic fire pro green 1.prefab using Guid(f5a9dd86032fe4b4a8b6a3d8936204a1) Importer(815301076,1909f56bfc062723c751e8b465ee728b)  -> (artifact id: '45dcd7cefd009c05c305fff78ca57374') in 0.025481 seconds
  Import took 0.033114 seconds .

========================================================================
Received Import Request.
  Time since last request: 0.034691 seconds.
  path: Assets/Hovl Studio/Procedural fire/Prefabs/Magic fire pro green 1.prefab
  artifactKey: Guid(f5a9dd86032fe4b4a8b6a3d8936204a1) Importer(815301076,1909f56bfc062723c751e8b465ee728b)
Start importing Assets/Hovl Studio/Procedural fire/Prefabs/Magic fire pro green 1.prefab using Guid(f5a9dd86032fe4b4a8b6a3d8936204a1) Importer(815301076,1909f56bfc062723c751e8b465ee728b)  -> (artifact id: '45dcd7cefd009c05c305fff78ca57374') in 0.013568 seconds
  Import took 0.018275 seconds .

========================================================================
Received Import Request.
  Time since last request: 23.546680 seconds.
  path: Assets/Prefabs/Magic fire pro green.prefab
  artifactKey: Guid(5a65c640f2cb4b841b55a267a13d0f1e) Importer(815301076,1909f56bfc062723c751e8b465ee728b)
Start importing Assets/Prefabs/Magic fire pro green.prefab using Guid(5a65c640f2cb4b841b55a267a13d0f1e) Importer(815301076,1909f56bfc062723c751e8b465ee728b)  -> (artifact id: '5aed991b95d1a5ef48110adb073115d7') in 0.013371 seconds
  Import took 0.020529 seconds .

========================================================================
Received Import Request.
  Time since last request: 0.044732 seconds.
  path: Assets/Prefabs/Magic fire pro green.prefab
  artifactKey: Guid(5a65c640f2cb4b841b55a267a13d0f1e) Importer(815301076,1909f56bfc062723c751e8b465ee728b)
Start importing Assets/Prefabs/Magic fire pro green.prefab using Guid(5a65c640f2cb4b841b55a267a13d0f1e) Importer(815301076,1909f56bfc062723c751e8b465ee728b)  -> (artifact id: '5aed991b95d1a5ef48110adb073115d7') in 0.009566 seconds
  Import took 0.019404 seconds .

========================================================================
Received Prepare
Registering precompiled user dll's ...
Registered in 0.001250 seconds.
Begin MonoManager ReloadAssembly
Native extension for WindowsStandalone target not found
Refreshing native plugins compatible for Editor in 0.50 ms, found 0 plugins.
Preloading 0 native plugins for Editor in 0.00 ms.
Mono: successfully reloaded assembly
- Completed reload, in  2.021 seconds
Platform modules already initialized, skipping
Refreshing native plugins compatible for Editor in 0.54 ms, found 0 plugins.
Preloading 0 native plugins for Editor in 0.00 ms.
Unloading 1111 Unused Serialized files (Serialized files now loaded: 0)
System memory in use before: 60.7 MB.
System memory in use after: 60.8 MB.

Unloading 5 unused Assets to reduce memory usage. Loaded Objects now: 1610.
Total: 6.356900 ms (FindLiveObjects: 0.406800 ms CreateObjectMapping: 0.085800 ms MarkObjects: 5.701600 ms  DeleteObjects: 0.158600 ms)

========================================================================
Received Import Request.
  Time since last request: 117.153358 seconds.
  path: Assets/Scripts
  artifactKey: Guid(f597481952b304f4586c5f0b0b3947eb) Importer(815301076,1909f56bfc062723c751e8b465ee728b)
Start importing Assets/Scripts using Guid(f597481952b304f4586c5f0b0b3947eb) Importer(815301076,1909f56bfc062723c751e8b465ee728b)  -> (artifact id: '615130f41ed2b4cbdcdd56b14a9fd5dc') in 0.019842 seconds
  Import took 0.024714 seconds .

========================================================================
Received Prepare
Registering precompiled user dll's ...
Registered in 0.001213 seconds.
Begin MonoManager ReloadAssembly
Native extension for WindowsStandalone target not found
Refreshing native plugins compatible for Editor in 1.07 ms, found 0 plugins.
Preloading 0 native plugins for Editor in 0.00 ms.
Mono: successfully reloaded assembly
- Completed reload, in  1.878 seconds
Platform modules already initialized, skipping
Refreshing native plugins compatible for Editor in 0.49 ms, found 0 plugins.
Preloading 0 native plugins for Editor in 0.00 ms.
Unloading 1111 Unused Serialized files (Serialized files now loaded: 0)
System memory in use before: 60.7 MB.
System memory in use after: 60.8 MB.

Unloading 5 unused Assets to reduce memory usage. Loaded Objects now: 1613.
Total: 4.762100 ms (FindLiveObjects: 0.376400 ms CreateObjectMapping: 0.090800 ms MarkObjects: 4.164000 ms  DeleteObjects: 0.127100 ms)

========================================================================
Received Import Request.
  Time since last request: 23.560305 seconds.
  path: Assets/Scripts/FireSpawn.cs
  artifactKey: Guid(634be178fda5c4b4ba58c8a2094f2a2f) Importer(815301076,1909f56bfc062723c751e8b465ee728b)
Start importing Assets/Scripts/FireSpawn.cs using Guid(634be178fda5c4b4ba58c8a2094f2a2f) Importer(815301076,1909f56bfc062723c751e8b465ee728b)  -> (artifact id: '9d705bc1a88257b65584f61fc05e8cda') in 0.044297 seconds
  Import took 0.050214 seconds .

========================================================================
Received Prepare
Registering precompiled user dll's ...
Registered in 0.001231 seconds.
Begin MonoManager ReloadAssembly
Native extension for WindowsStandalone target not found
Refreshing native plugins compatible for Editor in 0.52 ms, found 0 plugins.
Preloading 0 native plugins for Editor in 0.00 ms.
Mono: successfully reloaded assembly
- Completed reload, in  1.798 seconds
Platform modules already initialized, skipping
Refreshing native plugins compatible for Editor in 0.59 ms, found 0 plugins.
Preloading 0 native plugins for Editor in 0.00 ms.
Unloading 1112 Unused Serialized files (Serialized files now loaded: 0)
System memory in use before: 60.8 MB.
System memory in use after: 60.8 MB.

Unloading 5 unused Assets to reduce memory usage. Loaded Objects now: 1617.
Total: 3.943900 ms (FindLiveObjects: 0.340100 ms CreateObjectMapping: 0.050200 ms MarkObjects: 3.409600 ms  DeleteObjects: 0.141300 ms)

========================================================================
Received Import Request.
  Time since last request: 243.895406 seconds.
  path: Assets/Scripts/playerMovement.cs
  artifactKey: Guid(bca0779cb50fab6449512ce19f745c5e) Importer(815301076,1909f56bfc062723c751e8b465ee728b)
Start importing Assets/Scripts/playerMovement.cs using Guid(bca0779cb50fab6449512ce19f745c5e) Importer(815301076,1909f56bfc062723c751e8b465ee728b)  -> (artifact id: '53c3b3395ce1ac9cbf38a06a44d694b5') in 0.042598 seconds
  Import took 0.048998 seconds .

========================================================================
Received Import Request.
  Time since last request: 0.054155 seconds.
  path: Assets/Scripts/playerMovement.cs
  artifactKey: Guid(bca0779cb50fab6449512ce19f745c5e) Importer(815301076,1909f56bfc062723c751e8b465ee728b)
Start importing Assets/Scripts/playerMovement.cs using Guid(bca0779cb50fab6449512ce19f745c5e) Importer(815301076,1909f56bfc062723c751e8b465ee728b)  -> (artifact id: '53c3b3395ce1ac9cbf38a06a44d694b5') in 0.009745 seconds
  Import took 0.039032 seconds .

========================================================================
Received Prepare
Registering precompiled user dll's ...
Registered in 0.001132 seconds.
Begin MonoManager ReloadAssembly
Native extension for WindowsStandalone target not found
Refreshing native plugins compatible for Editor in 0.53 ms, found 0 plugins.
Preloading 0 native plugins for Editor in 0.00 ms.
Mono: successfully reloaded assembly
- Completed reload, in  2.369 seconds
Platform modules already initialized, skipping
Refreshing native plugins compatible for Editor in 0.71 ms, found 0 plugins.
Preloading 0 native plugins for Editor in 0.00 ms.
Unloading 1112 Unused Serialized files (Serialized files now loaded: 0)
System memory in use before: 60.8 MB.
System memory in use after: 60.8 MB.

Unloading 5 unused Assets to reduce memory usage. Loaded Objects now: 1620.
Total: 4.399800 ms (FindLiveObjects: 0.342900 ms CreateObjectMapping: 0.048400 ms MarkObjects: 3.856300 ms  DeleteObjects: 0.148700 ms)

AssetImportWorkerClient::OnTransportError - code=2 error=End of file
